<?xml version="1.0" encoding="UTF-8"?>
<!-- Generated by org.testng.reporters.JUnitReportReporter -->
<testsuite hostname="Virens-MacBook-Pro.local" failures="0" tests="2" name="test.demoTest" time="14.124" errors="0" timestamp="2023-10-07T16:33:07 PDT" skipped="0">
  <testcase classname="test.demoTest" name="testCategoryNavigation" time="5.477"/>
  <system-out/>
  <testcase classname="test.demoTest" name="testSearchFunctionality" time="8.647"/>
  <system-out/>
</testsuite> <!-- test.demoTest -->
